0 info it worked if it ends with ok
1 verbose cli [ '/usr/local/bin/node',
1 verbose cli   '/usr/local/bin/npm',
1 verbose cli   'run',
1 verbose cli   'testSequelize' ]
2 info using npm@3.10.3
3 info using node@v6.6.0
4 verbose run-script [ 'pretestSequelize', 'testSequelize', 'posttestSequelize' ]
5 info lifecycle trailpack-acl@1.1.0~pretestSequelize: trailpack-acl@1.1.0
6 silly lifecycle trailpack-acl@1.1.0~pretestSequelize: no script for pretestSequelize, continuing
7 info lifecycle trailpack-acl@1.1.0~testSequelize: trailpack-acl@1.1.0
8 verbose lifecycle trailpack-acl@1.1.0~testSequelize: unsafe-perm in lifecycle true
9 verbose lifecycle trailpack-acl@1.1.0~testSequelize: PATH: /usr/local/lib/node_modules/npm/bin/node-gyp-bin:/mnt/data/Dev/trailsjs/trailpack-acl/node_modules/.bin:/usr/local/bin:/home/catrielmuller/Software/Android/Sdk/tools:/home/catrielmuller/Software/Android/Sdk/build-tools/24.0.1:/home/catrielmuller/Software/Android/Sdk/platform-tools:/usr/local/sbin:/usr/local/bin:/usr/bin:/usr/lib/jvm/default/bin:/usr/bin/site_perl:/usr/bin/vendor_perl:/usr/bin/core_perl:/home/catrielmuller/.composer/vendor/bin
10 verbose lifecycle trailpack-acl@1.1.0~testSequelize: CWD: /mnt/data/Dev/trailsjs/trailpack-acl
11 silly lifecycle trailpack-acl@1.1.0~testSequelize: Args: [ '-c', 'export ORM=sequelize;mocha' ]
12 silly lifecycle trailpack-acl@1.1.0~testSequelize: Returned: code: 1  signal: null
13 info lifecycle trailpack-acl@1.1.0~testSequelize: Failed to exec testSequelize script
14 verbose stack Error: trailpack-acl@1.1.0 testSequelize: `export ORM=sequelize;mocha`
14 verbose stack Exit status 1
14 verbose stack     at EventEmitter.<anonymous> (/usr/local/lib/node_modules/npm/lib/utils/lifecycle.js:242:16)
14 verbose stack     at emitTwo (events.js:106:13)
14 verbose stack     at EventEmitter.emit (events.js:191:7)
14 verbose stack     at ChildProcess.<anonymous> (/usr/local/lib/node_modules/npm/lib/utils/spawn.js:40:14)
14 verbose stack     at emitTwo (events.js:106:13)
14 verbose stack     at ChildProcess.emit (events.js:191:7)
14 verbose stack     at maybeClose (internal/child_process.js:877:16)
14 verbose stack     at Process.ChildProcess._handle.onexit (internal/child_process.js:226:5)
15 verbose pkgid trailpack-acl@1.1.0
16 verbose cwd /mnt/data/Dev/trailsjs/trailpack-acl
17 error Linux 4.7.7-1-ck
18 error argv "/usr/local/bin/node" "/usr/local/bin/npm" "run" "testSequelize"
19 error node v6.6.0
20 error npm  v3.10.3
21 error code ELIFECYCLE
22 error trailpack-acl@1.1.0 testSequelize: `export ORM=sequelize;mocha`
22 error Exit status 1
23 error Failed at the trailpack-acl@1.1.0 testSequelize script 'export ORM=sequelize;mocha'.
23 error Make sure you have the latest version of node.js and npm installed.
23 error If you do, this is most likely a problem with the trailpack-acl package,
23 error not with npm itself.
23 error Tell the author that this fails on your system:
23 error     export ORM=sequelize;mocha
23 error You can get information on how to open an issue for this project with:
23 error     npm bugs trailpack-acl
23 error Or if that isn't available, you can get their info via:
23 error     npm owner ls trailpack-acl
23 error There is likely additional logging output above.
24 verbose exit [ 1, true ]
